#! /c/Source/iverilog-install/bin/vvp
:ivl_version "12.0 (devel)" "(s20150603-1539-g2693dd32b)";
:ivl_delay_selection "TYPICAL";
:vpi_time_precision + 0;
:vpi_module "C:\iverilog\lib\ivl\system.vpi";
:vpi_module "C:\iverilog\lib\ivl\vhdl_sys.vpi";
:vpi_module "C:\iverilog\lib\ivl\vhdl_textio.vpi";
:vpi_module "C:\iverilog\lib\ivl\v2005_math.vpi";
:vpi_module "C:\iverilog\lib\ivl\va_math.vpi";
:vpi_module "C:\iverilog\lib\ivl\v2009.vpi";
S_000002c5b5458cd0 .scope package, "$unit" "$unit" 2 1;
 .timescale 0 0;
S_000002c5b5458e60 .scope module, "top_HTMMM" "top_HTMMM" 3 126;
 .timescale 0 0;
    .port_info 0 /INPUT 1 "clk";
    .port_info 1 /INPUT 5 "A";
    .port_info 2 /INPUT 5 "B";
    .port_info 3 /OUTPUT 5 "C";
P_000002c5b5449a70 .param/l "M" 0 3 129, C4<001111>;
P_000002c5b5449aa8 .param/l "M_INV" 0 3 130, C4<010001>;
P_000002c5b5449ae0 .param/l "N" 0 3 127, +C4<00000000000000000000000000000100>;
P_000002c5b5449b18 .param/l "d" 0 3 128, +C4<00000000000000000000000000000011>;
o000002c5b5461738 .functor BUFZ 5, C4<zzzzz>; HiZ drive
v000002c5b54b3810_0 .net "A", 4 0, o000002c5b5461738;  0 drivers
o000002c5b5461768 .functor BUFZ 5, C4<zzzzz>; HiZ drive
v000002c5b54b3950_0 .net "B", 4 0, o000002c5b5461768;  0 drivers
v000002c5b54b39f0_0 .net "C", 4 0, v000002c5b543c9d0_0;  1 drivers
v000002c5b54b3590_0 .net "D_s2", 5 0, v000002c5b5413130_0;  1 drivers
v000002c5b54b3b30_0 .net "Q_L_s2", 5 0, v000002c5b5449d90_0;  1 drivers
v000002c5b54b3c70_0 .net "S_H_s3", 3 0, v000002c5b54b36d0_0;  1 drivers
v000002c5b54b2d70_0 .net "T_H_s1", 3 0, v000002c5b54b3630_0;  1 drivers
v000002c5b54b2e10_0 .var "T_H_s2", 3 0;
v000002c5b54b4500_0 .var "T_H_s3", 3 0;
v000002c5b54b5ae0_0 .net "T_L_s1", 5 0, v000002c5b54b3770_0;  1 drivers
v000002c5b54b4000_0 .var "T_L_s2", 5 0;
v000002c5b54b5680_0 .var "T_L_s3", 5 0;
v000002c5b54b48c0_0 .net "T_full", 9 0, v000002c5b54b33b0_0;  1 drivers
L_000002c5b5500088 .functor BUFT 1, C4<0>, C4<0>, C4<0>, C4<0>;
v000002c5b54b4780_0 .net *"_ivl_3", 0 0, L_000002c5b5500088;  1 drivers
L_000002c5b55000d0 .functor BUFT 1, C4<0>, C4<0>, C4<0>, C4<0>;
v000002c5b54b54a0_0 .net *"_ivl_8", 0 0, L_000002c5b55000d0;  1 drivers
o000002c5b5461078 .functor BUFZ 1, C4<z>; HiZ drive
v000002c5b54b4280_0 .net "clk", 0 0, o000002c5b5461078;  0 drivers
L_000002c5b54b5040 .concat [ 5 1 0 0], o000002c5b5461738, L_000002c5b5500088;
L_000002c5b54b55e0 .concat [ 5 1 0 0], o000002c5b5461768, L_000002c5b55000d0;
S_000002c5b5449b60 .scope module, "u_final" "final_result" 3 182, 3 108 0, S_000002c5b5458e60;
 .timescale 0 0;
    .port_info 0 /INPUT 1 "clk";
    .port_info 1 /INPUT 4 "T_H";
    .port_info 2 /INPUT 4 "S_H";
    .port_info 3 /INPUT 6 "T_L";
    .port_info 4 /OUTPUT 5 "C";
P_000002c5b5438330 .param/l "N" 0 3 109, +C4<00000000000000000000000000000100>;
v000002c5b543c9d0_0 .var "C", 4 0;
v000002c5b54436b0_0 .net "S_H", 3 0, v000002c5b54b36d0_0;  alias, 1 drivers
v000002c5b543cd10_0 .net "T_H", 3 0, v000002c5b54b4500_0;  1 drivers
v000002c5b5413580_0 .net "T_L", 5 0, v000002c5b54b5680_0;  1 drivers
v000002c5b5449cf0_0 .net "clk", 0 0, o000002c5b5461078;  alias, 0 drivers
E_000002c5b5437c30 .event posedge, v000002c5b5449cf0_0;
S_000002c5b5454bb0 .scope module, "u_findq" "finding_q" 3 159, 3 26 0, S_000002c5b5458e60;
 .timescale 0 0;
    .port_info 0 /INPUT 1 "clk";
    .port_info 1 /INPUT 6 "T_L";
    .port_info 2 /OUTPUT 6 "Q_L";
    .port_info 3 /OUTPUT 6 "D";
P_000002c5b53f8b90 .param/l "M_INV" 0 3 28, C4<010001>;
P_000002c5b53f8bc8 .param/l "N" 0 3 27, +C4<00000000000000000000000000000100>;
v000002c5b5413130_0 .var "D", 5 0;
v000002c5b5449d90_0 .var "Q_L", 5 0;
v000002c5b5449e30_0 .net "T_L", 5 0, v000002c5b54b3770_0;  alias, 1 drivers
v000002c5b5454d40_0 .net "clk", 0 0, o000002c5b5461078;  alias, 0 drivers
v000002c5b5454de0_0 .var "q_full", 9 0;
E_000002c5b54386f0 .event anyedge, v000002c5b5449e30_0;
S_000002c5b5454e80 .scope module, "u_htrunc" "high_truncation" 3 176, 3 49 0, S_000002c5b5458e60;
 .timescale 0 0;
    .port_info 0 /INPUT 1 "clk";
    .port_info 1 /INPUT 6 "Q_L";
    .port_info 2 /INPUT 6 "D";
    .port_info 3 /OUTPUT 4 "S_H";
P_000002c5b54b28b0 .param/l "M" 0 3 52, C4<001111>;
P_000002c5b54b28e8 .param/l "N" 0 3 50, +C4<00000000000000000000000000000100>;
P_000002c5b54b2920 .param/l "d" 0 3 51, +C4<00000000000000000000000000000011>;
v000002c5b54b2ff0_0 .net "D", 5 0, v000002c5b5413130_0;  alias, 1 drivers
v000002c5b54b34f0_0 .net "Q_L", 5 0, v000002c5b5449d90_0;  alias, 1 drivers
v000002c5b54b36d0_0 .var "S_H", 3 0;
v000002c5b54b3a90_0 .var "U", 3 0;
v000002c5b54b2eb0_0 .var "cep_acc", 7 0;
v000002c5b54b3090_0 .net "clk", 0 0, o000002c5b5461078;  alias, 0 drivers
v000002c5b54b3bd0_0 .var "d_cal", 2 0;
v000002c5b54b3130_0 .var "d_real", 2 0;
v000002c5b54b31d0_0 .var "msp_acc", 11 0;
E_000002c5b5438e30 .event anyedge, v000002c5b5449d90_0, v000002c5b54b2eb0_0, v000002c5b5413130_0, v000002c5b54b31d0_0;
S_000002c5b54b2960 .scope begin, "$ivl_for_loop0" "$ivl_for_loop0" 3 73, 3 73 0, S_000002c5b5454e80;
 .timescale 0 0;
v000002c5b54b2f50_0 .var/2s "i", 31 0;
S_000002c5b54b2af0 .scope begin, "$ivl_for_loop1" "$ivl_for_loop1" 3 74, 3 74 0, S_000002c5b54b2960;
 .timescale 0 0;
v000002c5b54b2c80_0 .var/2s "j", 31 0;
S_000002c5b5444810 .scope module, "u_mul" "multiply" 3 143, 3 1 0, S_000002c5b5458e60;
 .timescale 0 0;
    .port_info 0 /INPUT 1 "clk";
    .port_info 1 /INPUT 6 "a";
    .port_info 2 /INPUT 6 "b";
    .port_info 3 /OUTPUT 10 "T";
    .port_info 4 /OUTPUT 6 "T_L";
    .port_info 5 /OUTPUT 4 "T_H";
P_000002c5b5439770 .param/l "N" 0 3 2, +C4<00000000000000000000000000000100>;
v000002c5b54b33b0_0 .var "T", 9 0;
v000002c5b54b3630_0 .var "T_H", 3 0;
v000002c5b54b3770_0 .var "T_L", 5 0;
v000002c5b54b3270_0 .net "a", 5 0, L_000002c5b54b5040;  1 drivers
v000002c5b54b3310_0 .net "b", 5 0, L_000002c5b54b55e0;  1 drivers
v000002c5b54b38b0_0 .net "clk", 0 0, o000002c5b5461078;  alias, 0 drivers
v000002c5b54b3450_0 .var "product", 9 0;
E_000002c5b5439470 .event anyedge, v000002c5b54b3270_0, v000002c5b54b3310_0;
    .scope S_000002c5b5444810;
T_0 ;
Ewait_0 .event/or E_000002c5b5439470, E_0x0;
    %wait Ewait_0;
    %load/vec4 v000002c5b54b3270_0;
    %pad/u 10;
    %load/vec4 v000002c5b54b3310_0;
    %pad/u 10;
    %mul;
    %store/vec4 v000002c5b54b3450_0, 0, 10;
    %jmp T_0;
    .thread T_0, $push;
    .scope S_000002c5b5444810;
T_1 ;
    %wait E_000002c5b5437c30;
    %load/vec4 v000002c5b54b3450_0;
    %assign/vec4 v000002c5b54b33b0_0, 0;
    %load/vec4 v000002c5b54b3450_0;
    %parti/s 6, 0, 2;
    %assign/vec4 v000002c5b54b3770_0, 0;
    %load/vec4 v000002c5b54b3450_0;
    %parti/s 4, 6, 4;
    %assign/vec4 v000002c5b54b3630_0, 0;
    %jmp T_1;
    .thread T_1;
    .scope S_000002c5b5454bb0;
T_2 ;
Ewait_1 .event/or E_000002c5b54386f0, E_0x0;
    %wait Ewait_1;
    %load/vec4 v000002c5b5449e30_0;
    %pad/u 10;
    %muli 17, 0, 10;
    %store/vec4 v000002c5b5454de0_0, 0, 10;
    %jmp T_2;
    .thread T_2, $push;
    .scope S_000002c5b5454bb0;
T_3 ;
    %wait E_000002c5b5437c30;
    %load/vec4 v000002c5b5454de0_0;
    %parti/s 6, 0, 2;
    %assign/vec4 v000002c5b5449d90_0, 0;
    %load/vec4 v000002c5b5449e30_0;
    %inv;
    %addi 1, 0, 6;
    %assign/vec4 v000002c5b5413130_0, 0;
    %jmp T_3;
    .thread T_3;
    .scope S_000002c5b5454e80;
T_4 ;
Ewait_2 .event/or E_000002c5b5438e30, E_0x0;
    %wait Ewait_2;
    %pushi/vec4 0, 0, 12;
    %store/vec4 v000002c5b54b31d0_0, 0, 12;
    %pushi/vec4 0, 0, 8;
    %store/vec4 v000002c5b54b2eb0_0, 0, 8;
    %fork t_1, S_000002c5b54b2960;
    %jmp t_0;
    .scope S_000002c5b54b2960;
t_1 ;
    %pushi/vec4 0, 0, 32;
    %store/vec4 v000002c5b54b2f50_0, 0, 32;
T_4.0 ;
    %load/vec4 v000002c5b54b2f50_0;
    %cmpi/s 5, 0, 32;
    %flag_or 5, 4;
    %jmp/0xz T_4.1, 5;
    %fork t_3, S_000002c5b54b2af0;
    %jmp t_2;
    .scope S_000002c5b54b2af0;
t_3 ;
    %pushi/vec4 0, 0, 32;
    %store/vec4 v000002c5b54b2c80_0, 0, 32;
T_4.2 ;
    %load/vec4 v000002c5b54b2c80_0;
    %cmpi/s 5, 0, 32;
    %flag_or 5, 4;
    %jmp/0xz T_4.3, 5;
    %load/vec4 v000002c5b54b2f50_0;
    %load/vec4 v000002c5b54b2c80_0;
    %add;
    %cmpi/s 6, 0, 32;
    %flag_inv 5; GE is !LT
    %jmp/0xz  T_4.4, 5;
    ; show_stmt_assign_vector: Get l-value for compressed += operand
    %load/vec4 v000002c5b54b31d0_0;
    %load/vec4 v000002c5b54b2f50_0;
    %load/vec4 v000002c5b54b2c80_0;
    %add;
    %subi 6, 0, 32;
    %dup/vec4;
    %ix/vec4 4;
    %flag_mov 8, 4;
    %part/u 1;
    %load/vec4 v000002c5b54b34f0_0;
    %load/vec4 v000002c5b54b2f50_0;
    %part/s 1;
    %pushi/vec4 15, 0, 6;
    %load/vec4 v000002c5b54b2c80_0;
    %part/s 1;
    %and;
    %add;
    %flag_mov 4, 8;
    %store/vec4 v000002c5b54b31d0_0, 4, 1;
    %jmp T_4.5;
T_4.4 ;
    %load/vec4 v000002c5b54b2f50_0;
    %load/vec4 v000002c5b54b2c80_0;
    %add;
    %cmpi/s 3, 0, 32;
    %flag_inv 5; GE is !LT
    %jmp/0xz  T_4.6, 5;
    ; show_stmt_assign_vector: Get l-value for compressed += operand
    %load/vec4 v000002c5b54b2eb0_0;
    %load/vec4 v000002c5b54b2f50_0;
    %load/vec4 v000002c5b54b2c80_0;
    %add;
    %subi 3, 0, 32;
    %dup/vec4;
    %ix/vec4 4;
    %flag_mov 8, 4;
    %part/u 1;
    %load/vec4 v000002c5b54b34f0_0;
    %load/vec4 v000002c5b54b2f50_0;
    %part/s 1;
    %pushi/vec4 15, 0, 6;
    %load/vec4 v000002c5b54b2c80_0;
    %part/s 1;
    %and;
    %add;
    %flag_mov 4, 8;
    %store/vec4 v000002c5b54b2eb0_0, 4, 1;
T_4.6 ;
T_4.5 ;
    ; show_stmt_assign_vector: Get l-value for compressed += operand
    %load/vec4 v000002c5b54b2c80_0;
    %pushi/vec4 1, 0, 32;
    %add;
    %cast2;
    %store/vec4 v000002c5b54b2c80_0, 0, 32;
    %jmp T_4.2;
T_4.3 ;
    %end;
    .scope S_000002c5b54b2960;
t_2 %join;
    ; show_stmt_assign_vector: Get l-value for compressed += operand
    %load/vec4 v000002c5b54b2f50_0;
    %pushi/vec4 1, 0, 32;
    %add;
    %cast2;
    %store/vec4 v000002c5b54b2f50_0, 0, 32;
    %jmp T_4.0;
T_4.1 ;
    %end;
    .scope S_000002c5b5454e80;
t_0 %join;
    %load/vec4 v000002c5b54b2eb0_0;
    %parti/s 3, 3, 3;
    %store/vec4 v000002c5b54b3bd0_0, 0, 3;
    %load/vec4 v000002c5b54b2ff0_0;
    %parti/s 3, 3, 3;
    %store/vec4 v000002c5b54b3130_0, 0, 3;
    %load/vec4 v000002c5b54b31d0_0;
    %parti/s 4, 0, 2;
    %store/vec4 v000002c5b54b3a90_0, 0, 4;
    %jmp T_4;
    .thread T_4, $push;
    .scope S_000002c5b5454e80;
T_5 ;
    %wait E_000002c5b5437c30;
    %load/vec4 v000002c5b54b3130_0;
    %load/vec4 v000002c5b54b3bd0_0;
    %cmp/u;
    %jmp/0xz  T_5.0, 5;
    %load/vec4 v000002c5b54b3a90_0;
    %addi 1, 0, 4;
    %assign/vec4 v000002c5b54b36d0_0, 0;
    %jmp T_5.1;
T_5.0 ;
    %load/vec4 v000002c5b54b3a90_0;
    %assign/vec4 v000002c5b54b36d0_0, 0;
T_5.1 ;
    %jmp T_5;
    .thread T_5;
    .scope S_000002c5b5449b60;
T_6 ;
    %wait E_000002c5b5437c30;
    %load/vec4 v000002c5b5413580_0;
    %cmpi/e 0, 0, 6;
    %jmp/0xz  T_6.0, 4;
    %pushi/vec4 0, 0, 1;
    %load/vec4 v000002c5b543cd10_0;
    %concat/vec4; draw_concat_vec4
    %pushi/vec4 0, 0, 1;
    %load/vec4 v000002c5b54436b0_0;
    %concat/vec4; draw_concat_vec4
    %add;
    %assign/vec4 v000002c5b543c9d0_0, 0;
    %jmp T_6.1;
T_6.0 ;
    %pushi/vec4 0, 0, 1;
    %load/vec4 v000002c5b543cd10_0;
    %concat/vec4; draw_concat_vec4
    %pushi/vec4 0, 0, 1;
    %load/vec4 v000002c5b54436b0_0;
    %concat/vec4; draw_concat_vec4
    %add;
    %addi 1, 0, 5;
    %assign/vec4 v000002c5b543c9d0_0, 0;
T_6.1 ;
    %jmp T_6;
    .thread T_6;
    .scope S_000002c5b5458e60;
T_7 ;
    %wait E_000002c5b5437c30;
    %load/vec4 v000002c5b54b5ae0_0;
    %assign/vec4 v000002c5b54b4000_0, 0;
    %load/vec4 v000002c5b54b2d70_0;
    %assign/vec4 v000002c5b54b2e10_0, 0;
    %jmp T_7;
    .thread T_7;
    .scope S_000002c5b5458e60;
T_8 ;
    %wait E_000002c5b5437c30;
    %load/vec4 v000002c5b54b4000_0;
    %assign/vec4 v000002c5b54b5680_0, 0;
    %load/vec4 v000002c5b54b2e10_0;
    %assign/vec4 v000002c5b54b4500_0, 0;
    %jmp T_8;
    .thread T_8;
# The file index is used to find the file name in the following table.
:file_names 4;
    "N/A";
    "<interactive>";
    "-";
    ".\htmmm_v2.sv";
