#! /c/Source/iverilog-install/bin/vvp
:ivl_version "12.0 (devel)" "(s20150603-1539-g2693dd32b)";
:ivl_delay_selection "TYPICAL";
:vpi_time_precision - 12;
:vpi_module "C:\iverilog\lib\ivl\system.vpi";
:vpi_module "C:\iverilog\lib\ivl\vhdl_sys.vpi";
:vpi_module "C:\iverilog\lib\ivl\vhdl_textio.vpi";
:vpi_module "C:\iverilog\lib\ivl\v2005_math.vpi";
:vpi_module "C:\iverilog\lib\ivl\va_math.vpi";
:vpi_module "C:\iverilog\lib\ivl\v2009.vpi";
S_0000016632302b10 .scope package, "$unit" "$unit" 2 1;
 .timescale 0 0;
S_00000166323012e0 .scope module, "tb_montgomery" "tb_montgomery" 3 3;
 .timescale -9 -12;
v0000016632373c10_0 .var "a", 63 0;
v00000166323723b0_0 .var "b", 63 0;
v0000016632372810_0 .var "clk", 0 0;
v00000166323724f0_0 .net "result", 63 0, v0000016632370a70_0;  1 drivers
S_00000166322ffeb0 .scope module, "dut" "montgomery_top" 3 10, 4 86 0, S_00000166323012e0;
 .timescale 0 0;
    .port_info 0 /INPUT 1 "clk";
    .port_info 1 /INPUT 64 "a";
    .port_info 2 /INPUT 64 "b";
    .port_info 3 /OUTPUT 64 "result";
v0000016632372f90_0 .net "a", 63 0, v0000016632373c10_0;  1 drivers
v0000016632373030_0 .net "a_bar", 63 0, v00000166322bbf00_0;  1 drivers
v0000016632372a90_0 .net "ab_bar", 63 0, v0000016632370430_0;  1 drivers
v0000016632373e90_0 .net "b", 63 0, v00000166323723b0_0;  1 drivers
v00000166323726d0_0 .net "b_bar", 63 0, v000001663230c170_0;  1 drivers
v0000016632373850_0 .net "clk", 0 0, v0000016632372810_0;  1 drivers
v00000166323733f0_0 .net "result", 63 0, v0000016632370a70_0;  alias, 1 drivers
S_00000166322fc850 .scope module, "u_in_a" "montgomery_convert_in" 4 95, 4 29 0, S_00000166322ffeb0;
 .timescale 0 0;
    .port_info 0 /INPUT 1 "clk";
    .port_info 1 /INPUT 64 "a";
    .port_info 2 /OUTPUT 64 "a_bar";
P_0000016632302690 .param/l "R2" 1 4 34, C4<0000000000000000000000000000000000000000000000000000000011100001>;
v0000016632308c90_0 .var "T", 127 0;
v0000016632308d30_0 .net "a", 63 0, v0000016632373c10_0;  alias, 1 drivers
v0000016632308dd0_0 .net "a_bar", 63 0, v00000166322bbf00_0;  alias, 1 drivers
v0000016632308e70_0 .net "clk", 0 0, v0000016632372810_0;  alias, 1 drivers
S_00000166322fc430 .scope module, "u_redc" "reduction" 4 42, 4 1 0, S_00000166322fc850;
 .timescale 0 0;
    .port_info 0 /INPUT 1 "clk";
    .port_info 1 /INPUT 128 "T";
    .port_info 2 /OUTPUT 64 "S";
P_0000016632303580 .param/l "N" 1 4 6, C4<1111111111111111111111111111111111111111111111111111111111110001>;
P_00000166323035b8 .param/l "N_INV" 1 4 7, C4<1110111011101110111011101110111011101110111011101110111011101111>;
v00000166322bbf00_0 .var "S", 63 0;
v00000166322fbbd0_0 .net "T", 127 0, v0000016632308c90_0;  1 drivers
v00000166322d3270_0 .net "clk", 0 0, v0000016632372810_0;  alias, 1 drivers
v00000166322fbd10_0 .var "m", 63 0;
v00000166323046d0_0 .var "t", 63 0;
v0000016632304770_0 .var "t_full", 127 0;
E_0000016632301f90 .event posedge, v00000166322d3270_0;
S_0000016632308f10 .scope module, "u_in_b" "montgomery_convert_in" 4 96, 4 29 0, S_00000166322ffeb0;
 .timescale 0 0;
    .port_info 0 /INPUT 1 "clk";
    .port_info 1 /INPUT 64 "a";
    .port_info 2 /OUTPUT 64 "a_bar";
P_0000016632302510 .param/l "R2" 1 4 34, C4<0000000000000000000000000000000000000000000000000000000011100001>;
v0000016632370570_0 .var "T", 127 0;
v0000016632370750_0 .net "a", 63 0, v00000166323723b0_0;  alias, 1 drivers
v0000016632370f70_0 .net "a_bar", 63 0, v000001663230c170_0;  alias, 1 drivers
v00000166323709d0_0 .net "clk", 0 0, v0000016632372810_0;  alias, 1 drivers
S_000001663230bfe0 .scope module, "u_redc" "reduction" 4 42, 4 1 0, S_0000016632308f10;
 .timescale 0 0;
    .port_info 0 /INPUT 1 "clk";
    .port_info 1 /INPUT 128 "T";
    .port_info 2 /OUTPUT 64 "S";
P_0000016632303100 .param/l "N" 1 4 6, C4<1111111111111111111111111111111111111111111111111111111111110001>;
P_0000016632303138 .param/l "N_INV" 1 4 7, C4<1110111011101110111011101110111011101110111011101110111011101111>;
v000001663230c170_0 .var "S", 63 0;
v000001663230c210_0 .net "T", 127 0, v0000016632370570_0;  1 drivers
v000001663230c2b0_0 .net "clk", 0 0, v0000016632372810_0;  alias, 1 drivers
v000001663230c350_0 .var "m", 63 0;
v00000166322bdfd0_0 .var "t", 63 0;
v00000166322be070_0 .var "t_full", 127 0;
S_00000166322be110 .scope module, "u_mul" "montgomery_mul" 4 97, 4 49 0, S_00000166322ffeb0;
 .timescale 0 0;
    .port_info 0 /INPUT 1 "clk";
    .port_info 1 /INPUT 64 "a_bar";
    .port_info 2 /INPUT 64 "b_bar";
    .port_info 3 /OUTPUT 64 "out_bar";
v00000166323704d0_0 .var "T", 127 0;
v0000016632370930_0 .net "a_bar", 63 0, v00000166322bbf00_0;  alias, 1 drivers
v0000016632370250_0 .net "b_bar", 63 0, v000001663230c170_0;  alias, 1 drivers
v0000016632370ed0_0 .net "clk", 0 0, v0000016632372810_0;  alias, 1 drivers
v00000166323701b0_0 .net "out_bar", 63 0, v0000016632370430_0;  alias, 1 drivers
S_00000166322be2a0 .scope module, "u_redc" "reduction" 4 61, 4 1 0, S_00000166322be110;
 .timescale 0 0;
    .port_info 0 /INPUT 1 "clk";
    .port_info 1 /INPUT 128 "T";
    .port_info 2 /OUTPUT 64 "S";
P_0000016632303600 .param/l "N" 1 4 6, C4<1111111111111111111111111111111111111111111111111111111111110001>;
P_0000016632303638 .param/l "N_INV" 1 4 7, C4<1110111011101110111011101110111011101110111011101110111011101111>;
v0000016632370430_0 .var "S", 63 0;
v0000016632370d90_0 .net "T", 127 0, v00000166323704d0_0;  1 drivers
v0000016632371010_0 .net "clk", 0 0, v0000016632372810_0;  alias, 1 drivers
v0000016632370b10_0 .var "m", 63 0;
v0000016632370e30_0 .var "t", 63 0;
v0000016632370110_0 .var "t_full", 127 0;
S_00000166322d2830 .scope module, "u_out" "montgomery_convert_out" 4 98, 4 68 0, S_00000166322ffeb0;
 .timescale 0 0;
    .port_info 0 /INPUT 1 "clk";
    .port_info 1 /INPUT 64 "a_bar";
    .port_info 2 /OUTPUT 64 "a";
v00000166323702f0_0 .var "T", 127 0;
v0000016632370390_0 .net "a", 63 0, v0000016632370a70_0;  alias, 1 drivers
v0000016632370610_0 .net "a_bar", 63 0, v0000016632370430_0;  alias, 1 drivers
v00000166323707f0_0 .net "clk", 0 0, v0000016632372810_0;  alias, 1 drivers
S_00000166322d29c0 .scope module, "u_redc" "reduction" 4 79, 4 1 0, S_00000166322d2830;
 .timescale 0 0;
    .port_info 0 /INPUT 1 "clk";
    .port_info 1 /INPUT 128 "T";
    .port_info 2 /OUTPUT 64 "S";
P_0000016632303c80 .param/l "N" 1 4 6, C4<1111111111111111111111111111111111111111111111111111111111110001>;
P_0000016632303cb8 .param/l "N_INV" 1 4 7, C4<1110111011101110111011101110111011101110111011101110111011101111>;
v0000016632370a70_0 .var "S", 63 0;
v0000016632370c50_0 .net "T", 127 0, v00000166323702f0_0;  1 drivers
v0000016632370890_0 .net "clk", 0 0, v0000016632372810_0;  alias, 1 drivers
v0000016632370bb0_0 .var "m", 63 0;
v0000016632370cf0_0 .var "t", 63 0;
v00000166323706b0_0 .var "t_full", 127 0;
S_00000166323740f0 .scope task, "run_test" "run_test" 3 42, 3 42 0, S_00000166323012e0;
 .timescale -9 -12;
v0000016632373350_0 .var "ta", 63 0;
v0000016632372ef0_0 .var "tb", 63 0;
TD_tb_montgomery.run_test ;
    %load/vec4 v0000016632373350_0;
    %store/vec4 v0000016632373c10_0, 0, 64;
    %load/vec4 v0000016632372ef0_0;
    %store/vec4 v00000166323723b0_0, 0, 64;
    %delay 250000, 0;
    %vpi_call/w 3 49 "$display", "a = %0d, b = %0d --> result = %0d", v0000016632373350_0, v0000016632372ef0_0, v00000166323724f0_0 {0 0 0};
    %end;
    .scope S_00000166322fc430;
T_1 ;
    %wait E_0000016632301f90;
    %load/vec4 v00000166322fbbd0_0;
    %parti/s 64, 0, 2;
    %pushi/vec4 4008636142, 0, 32;
    %concati/vec4 4008636143, 0, 32;
    %mul;
    %assign/vec4 v00000166322fbd10_0, 0;
    %jmp T_1;
    .thread T_1;
    .scope S_00000166322fc430;
T_2 ;
    %wait E_0000016632301f90;
    %load/vec4 v00000166322fbbd0_0;
    %load/vec4 v00000166322fbd10_0;
    %pad/u 128;
    %pushi/vec4 4294967295, 0, 96;
    %concati/vec4 4294967281, 0, 32;
    %mul;
    %add;
    %assign/vec4 v0000016632304770_0, 0;
    %jmp T_2;
    .thread T_2;
    .scope S_00000166322fc430;
T_3 ;
    %wait E_0000016632301f90;
    %load/vec4 v0000016632304770_0;
    %parti/s 64, 64, 8;
    %assign/vec4 v00000166323046d0_0, 0;
    %pushi/vec4 4294967295, 0, 32;
    %concati/vec4 4294967281, 0, 32;
    %load/vec4 v00000166323046d0_0;
    %cmp/u;
    %flag_or 5, 4;
    %jmp/0xz  T_3.0, 5;
    %load/vec4 v00000166323046d0_0;
    %pushi/vec4 4294967295, 0, 32;
    %concati/vec4 4294967281, 0, 32;
    %sub;
    %assign/vec4 v00000166322bbf00_0, 0;
    %jmp T_3.1;
T_3.0 ;
    %load/vec4 v00000166323046d0_0;
    %assign/vec4 v00000166322bbf00_0, 0;
T_3.1 ;
    %jmp T_3;
    .thread T_3;
    .scope S_00000166322fc850;
T_4 ;
    %wait E_0000016632301f90;
    %load/vec4 v0000016632308d30_0;
    %pad/u 128;
    %muli 225, 0, 128;
    %assign/vec4 v0000016632308c90_0, 0;
    %jmp T_4;
    .thread T_4;
    .scope S_000001663230bfe0;
T_5 ;
    %wait E_0000016632301f90;
    %load/vec4 v000001663230c210_0;
    %parti/s 64, 0, 2;
    %pushi/vec4 4008636142, 0, 32;
    %concati/vec4 4008636143, 0, 32;
    %mul;
    %assign/vec4 v000001663230c350_0, 0;
    %jmp T_5;
    .thread T_5;
    .scope S_000001663230bfe0;
T_6 ;
    %wait E_0000016632301f90;
    %load/vec4 v000001663230c210_0;
    %load/vec4 v000001663230c350_0;
    %pad/u 128;
    %pushi/vec4 4294967295, 0, 96;
    %concati/vec4 4294967281, 0, 32;
    %mul;
    %add;
    %assign/vec4 v00000166322be070_0, 0;
    %jmp T_6;
    .thread T_6;
    .scope S_000001663230bfe0;
T_7 ;
    %wait E_0000016632301f90;
    %load/vec4 v00000166322be070_0;
    %parti/s 64, 64, 8;
    %assign/vec4 v00000166322bdfd0_0, 0;
    %pushi/vec4 4294967295, 0, 32;
    %concati/vec4 4294967281, 0, 32;
    %load/vec4 v00000166322bdfd0_0;
    %cmp/u;
    %flag_or 5, 4;
    %jmp/0xz  T_7.0, 5;
    %load/vec4 v00000166322bdfd0_0;
    %pushi/vec4 4294967295, 0, 32;
    %concati/vec4 4294967281, 0, 32;
    %sub;
    %assign/vec4 v000001663230c170_0, 0;
    %jmp T_7.1;
T_7.0 ;
    %load/vec4 v00000166322bdfd0_0;
    %assign/vec4 v000001663230c170_0, 0;
T_7.1 ;
    %jmp T_7;
    .thread T_7;
    .scope S_0000016632308f10;
T_8 ;
    %wait E_0000016632301f90;
    %load/vec4 v0000016632370750_0;
    %pad/u 128;
    %muli 225, 0, 128;
    %assign/vec4 v0000016632370570_0, 0;
    %jmp T_8;
    .thread T_8;
    .scope S_00000166322be2a0;
T_9 ;
    %wait E_0000016632301f90;
    %load/vec4 v0000016632370d90_0;
    %parti/s 64, 0, 2;
    %pushi/vec4 4008636142, 0, 32;
    %concati/vec4 4008636143, 0, 32;
    %mul;
    %assign/vec4 v0000016632370b10_0, 0;
    %jmp T_9;
    .thread T_9;
    .scope S_00000166322be2a0;
T_10 ;
    %wait E_0000016632301f90;
    %load/vec4 v0000016632370d90_0;
    %load/vec4 v0000016632370b10_0;
    %pad/u 128;
    %pushi/vec4 4294967295, 0, 96;
    %concati/vec4 4294967281, 0, 32;
    %mul;
    %add;
    %assign/vec4 v0000016632370110_0, 0;
    %jmp T_10;
    .thread T_10;
    .scope S_00000166322be2a0;
T_11 ;
    %wait E_0000016632301f90;
    %load/vec4 v0000016632370110_0;
    %parti/s 64, 64, 8;
    %assign/vec4 v0000016632370e30_0, 0;
    %pushi/vec4 4294967295, 0, 32;
    %concati/vec4 4294967281, 0, 32;
    %load/vec4 v0000016632370e30_0;
    %cmp/u;
    %flag_or 5, 4;
    %jmp/0xz  T_11.0, 5;
    %load/vec4 v0000016632370e30_0;
    %pushi/vec4 4294967295, 0, 32;
    %concati/vec4 4294967281, 0, 32;
    %sub;
    %assign/vec4 v0000016632370430_0, 0;
    %jmp T_11.1;
T_11.0 ;
    %load/vec4 v0000016632370e30_0;
    %assign/vec4 v0000016632370430_0, 0;
T_11.1 ;
    %jmp T_11;
    .thread T_11;
    .scope S_00000166322be110;
T_12 ;
    %wait E_0000016632301f90;
    %load/vec4 v0000016632370930_0;
    %pad/u 128;
    %load/vec4 v0000016632370250_0;
    %pad/u 128;
    %mul;
    %assign/vec4 v00000166323704d0_0, 0;
    %jmp T_12;
    .thread T_12;
    .scope S_00000166322d29c0;
T_13 ;
    %wait E_0000016632301f90;
    %load/vec4 v0000016632370c50_0;
    %parti/s 64, 0, 2;
    %pushi/vec4 4008636142, 0, 32;
    %concati/vec4 4008636143, 0, 32;
    %mul;
    %assign/vec4 v0000016632370bb0_0, 0;
    %jmp T_13;
    .thread T_13;
    .scope S_00000166322d29c0;
T_14 ;
    %wait E_0000016632301f90;
    %load/vec4 v0000016632370c50_0;
    %load/vec4 v0000016632370bb0_0;
    %pad/u 128;
    %pushi/vec4 4294967295, 0, 96;
    %concati/vec4 4294967281, 0, 32;
    %mul;
    %add;
    %assign/vec4 v00000166323706b0_0, 0;
    %jmp T_14;
    .thread T_14;
    .scope S_00000166322d29c0;
T_15 ;
    %wait E_0000016632301f90;
    %load/vec4 v00000166323706b0_0;
    %parti/s 64, 64, 8;
    %assign/vec4 v0000016632370cf0_0, 0;
    %pushi/vec4 4294967295, 0, 32;
    %concati/vec4 4294967281, 0, 32;
    %load/vec4 v0000016632370cf0_0;
    %cmp/u;
    %flag_or 5, 4;
    %jmp/0xz  T_15.0, 5;
    %load/vec4 v0000016632370cf0_0;
    %pushi/vec4 4294967295, 0, 32;
    %concati/vec4 4294967281, 0, 32;
    %sub;
    %assign/vec4 v0000016632370a70_0, 0;
    %jmp T_15.1;
T_15.0 ;
    %load/vec4 v0000016632370cf0_0;
    %assign/vec4 v0000016632370a70_0, 0;
T_15.1 ;
    %jmp T_15;
    .thread T_15;
    .scope S_00000166322d2830;
T_16 ;
    %wait E_0000016632301f90;
    %pushi/vec4 0, 0, 64;
    %load/vec4 v0000016632370610_0;
    %concat/vec4; draw_concat_vec4
    %assign/vec4 v00000166323702f0_0, 0;
    %jmp T_16;
    .thread T_16;
    .scope S_00000166323012e0;
T_17 ;
    %delay 5000, 0;
    %load/vec4 v0000016632372810_0;
    %inv;
    %store/vec4 v0000016632372810_0, 0, 1;
    %jmp T_17;
    .thread T_17;
    .scope S_00000166323012e0;
T_18 ;
    %vpi_call/w 3 22 "$dumpfile", "montgomery.vcd" {0 0 0};
    %vpi_call/w 3 23 "$dumpvars", 32'sb00000000000000000000000000000000, S_00000166323012e0 {0 0 0};
    %pushi/vec4 0, 0, 1;
    %store/vec4 v0000016632372810_0, 0, 1;
    %pushi/vec4 0, 0, 64;
    %store/vec4 v0000016632373c10_0, 0, 64;
    %pushi/vec4 0, 0, 64;
    %store/vec4 v00000166323723b0_0, 0, 64;
    %delay 20000, 0;
    %pushi/vec4 4294967295, 0, 32;
    %concati/vec4 4294967280, 0, 32;
    %store/vec4 v0000016632373350_0, 0, 64;
    %pushi/vec4 1, 0, 64;
    %store/vec4 v0000016632372ef0_0, 0, 64;
    %fork TD_tb_montgomery.run_test, S_00000166323740f0;
    %join;
    %pushi/vec4 9, 0, 64;
    %store/vec4 v0000016632373350_0, 0, 64;
    %pushi/vec4 11, 0, 64;
    %store/vec4 v0000016632372ef0_0, 0, 64;
    %fork TD_tb_montgomery.run_test, S_00000166323740f0;
    %join;
    %pushi/vec4 123, 0, 64;
    %store/vec4 v0000016632373350_0, 0, 64;
    %pushi/vec4 456, 0, 64;
    %store/vec4 v0000016632372ef0_0, 0, 64;
    %fork TD_tb_montgomery.run_test, S_00000166323740f0;
    %join;
    %pushi/vec4 1000, 0, 64;
    %store/vec4 v0000016632373350_0, 0, 64;
    %pushi/vec4 999, 0, 64;
    %store/vec4 v0000016632372ef0_0, 0, 64;
    %fork TD_tb_montgomery.run_test, S_00000166323740f0;
    %join;
    %pushi/vec4 1, 0, 64;
    %store/vec4 v0000016632373350_0, 0, 64;
    %pushi/vec4 1, 0, 64;
    %store/vec4 v0000016632372ef0_0, 0, 64;
    %fork TD_tb_montgomery.run_test, S_00000166323740f0;
    %join;
    %pushi/vec4 25, 0, 64;
    %store/vec4 v0000016632373350_0, 0, 64;
    %pushi/vec4 40, 0, 64;
    %store/vec4 v0000016632372ef0_0, 0, 64;
    %fork TD_tb_montgomery.run_test, S_00000166323740f0;
    %join;
    %delay 200000, 0;
    %vpi_call/w 3 39 "$finish" {0 0 0};
    %end;
    .thread T_18;
# The file index is used to find the file name in the following table.
:file_names 5;
    "N/A";
    "<interactive>";
    "-";
    "tb.sv";
    "working_64bit.sv";
